<?xml version="1.0" encoding="UTF-8"?>
<!-- Generated by org.testng.reporters.JUnitReportReporter -->
<testsuite hostname="Scorpion" name="WebStorageTest" tests="3" failures="0" timestamp="9 Sep 2016 11:49:11 GMT" time="6.422" errors="0">
  <testcase name="testHTML5LocalStorage" time="0.724" classname="WebStorageTest"/>
  <testcase name="testHTML5sessionStorage" time="0.289" classname="WebStorageTest"/>
  <testcase name="getPageLoadTimeTest" time="5.409" classname="WebStorageTest"/>
</testsuite> <!-- WebStorageTest -->
