<?xml version="1.0" encoding="UTF-8"?>
<!-- Generated by org.testng.reporters.JUnitReportReporter -->
<testsuite hostname="Scorpion" name="WeatherTest" tests="2" failures="0" timestamp="9 Sep 2016 12:12:11 GMT" time="6.404" errors="0">
  <testcase name="contactUsErrorMessageTest" time="3.670" classname="WeatherTest"/>
  <testcase name="contactUsSuccessMessageTest" time="2.734" classname="WeatherTest"/>
</testsuite> <!-- WeatherTest -->
